w: 20
name: Item0 weigth: 9 value: 304
name: Item1 weigth: 1 value: 788
name: Item2 weigth: 7 value: 907
name: Item3 weigth: 16 value: 300
name: Item4 weigth: 14 value: 235
1: [[  0.   0.   0.   0.   0.   0.   0.   0.   0. 304. 304. 304. 304. 304.
  304. 304. 304. 304. 304. 304.]]
2: [[   0.  788.  788.  788.  788.  788.  788.  788.  788.  788. 1092. 1092.
  1092. 1092. 1092. 1092. 1092. 1092. 1092. 1092.]]
3: [[   0.  788.  788.  788.  788.  788.  788.  907. 1695. 1695. 1695. 1695.
  1695. 1695. 1695. 1695. 1695. 1999. 1999. 1999.]]
4: [[   0.  788.  788.  788.  788.  788.  788.  907. 1695. 1695. 1695. 1695.
  1695. 1695. 1695. 1695. 1695. 1999. 1999. 1999.]]
Cache: [[   0.    0.    0.    0.    0.    0.    0.    0.    0.    0.    0.    0.
     0.    0.    0.    0.    0.    0.    0.    0.]
 [   0.    0.    0.    0.    0.    0.    0.    0.    0.  304.  304.  304.
   304.  304.  304.  304.  304.  304.  304.  304.]
 [   0.  788.  788.  788.  788.  788.  788.  788.  788.  788. 1092. 1092.
  1092. 1092. 1092. 1092. 1092. 1092. 1092. 1092.]
 [   0.  788.  788.  788.  788.  788.  788.  907. 1695. 1695. 1695. 1695.
  1695. 1695. 1695. 1695. 1695. 1999. 1999. 1999.]
 [   0.  788.  788.  788.  788.  788.  788.  907. 1695. 1695. 1695. 1695.
  1695. 1695. 1695. 1695. 1695. 1999. 1999. 1999.]]
Best knapsack for an avaliable weigth of 20 is worth: 1999.0
